2021-09-14 00:32:30.819 info - 홈 화면 - /main user - 8
2021-09-14 00:32:32.336 info - 마이페이지 조회 - /mypage user - 8
2021-09-14 00:32:33.385 info - 홈 화면 - /main user - 8
2021-09-14 00:36:48.571 info - 마이페이지 조회 - /mypage user - 8
2021-09-14 00:40:25.829 info - 앱버전, 서버점검 - /app/:platform - aos
2021-09-14 00:40:25.910 info - 자동로그인 완료 - /auto-login user - 8
2021-09-14 00:40:26.438 info - 홈 화면 - /main user - 8
2021-09-14 00:40:27.444 info - 마이페이지 조회 - /mypage user - 8
2021-09-14 00:40:30.194 info - 홈 화면 - /main user - 8
2021-09-14 00:40:47.976 info - 앱버전, 서버점검 - /app/:platform - aos
2021-09-14 00:40:48.060 info - 자동로그인 완료 - /auto-login user - 8
2021-09-14 00:40:48.569 info - 홈 화면 - /main user - 8
2021-09-14 00:40:50.316 info - 마이페이지 조회 - /mypage user - 8
2021-09-14 00:41:25.596 info - 앱버전, 서버점검 - /app/:platform - aos
2021-09-14 00:41:25.659 info - 자동로그인 완료 - /auto-login user - 8
2021-09-14 00:41:26.185 info - 홈 화면 - /main user - 8
2021-09-14 00:41:28.906 info - 마이페이지 조회 - /mypage user - 8
2021-09-14 00:44:06.888 info - 앱버전, 서버점검 - /app/:platform - aos
2021-09-14 00:44:06.943 info - 자동로그인 완료 - /auto-login user - 8
2021-09-14 00:44:07.442 info - 홈 화면 - /main user - 8
2021-09-14 00:44:16.853 info - 마이페이지 조회 - /mypage user - 8
2021-09-14 00:44:18.422 info - 홈 화면 - /main user - 8
2021-09-14 00:45:33.557 info - 앱버전, 서버점검 - /app/:platform - aos
2021-09-14 00:45:33.639 info - 자동로그인 완료 - /auto-login user - 8
2021-09-14 00:45:34.095 info - 홈 화면 - /main user - 8
2021-09-14 00:45:38.446 info - 마이페이지 조회 - /mypage user - 8
2021-09-14 00:59:30.175 info - 미증빙/증빙 기프트 리스트 조회 - /prove user - 8
2021-09-14 00:59:30.205 info - 트윙클 리스트 조회 - /twinkle user - 8
2021-09-14 00:59:30.277 info - 마이페이지 조회 - /mypage user - 8
2021-09-14 00:59:45.664 info - 마이페이지 조회 - /mypage user - 8
2021-09-14 00:59:57.274 info - 유저 정보 수정 - PATCH /profile user - 8
2021-09-14 00:59:57.312 info - 마이페이지 조회 - /mypage user - 8
2021-09-14 01:00:08.256 info - 트윙클 리스트 조회 - /twinkle user - 8
2021-09-14 01:00:08.274 info - 미증빙/증빙 기프트 리스트 조회 - /prove user - 8
2021-09-14 01:00:09.105 info - 마이페이지 조회 - /mypage user - 8
2021-09-14 01:00:14.796 info - 유저 정보 수정 - PATCH /profile user - 8
2021-09-14 01:00:14.849 info - 마이페이지 조회 - /mypage user - 8
2021-09-14 01:00:22.978 info - 유저 정보 수정 - PATCH /profile user - 8
2021-09-14 01:00:23.008 info - 마이페이지 조회 - /mypage user - 8
2021-09-14 01:01:10.209 info - 트윙클 리스트 조회 - /twinkle user - 8
2021-09-14 01:01:10.212 info - 미증빙/증빙 기프트 리스트 조회 - /prove user - 8
2021-09-14 01:01:19.412 info - 클로버 리스트 조회 - /clover type : accumulate user - 8
2021-09-14 01:01:21.429 info - 클로버 리스트 조회 - /clover type : current user - 8
2021-09-14 01:01:21.790 info - 클로버 리스트 조회 - /clover type : used user - 8
2021-09-14 01:18:01.336 info - 앱버전, 서버점검 - /app/:platform - aos
2021-09-14 01:18:01.390 info - 자동로그인 완료 - /auto-login user - 8
2021-09-14 01:18:02.134 info - 홈 화면 - /main user - 8
2021-09-14 01:18:41.834 info - 앱버전, 서버점검 - /app/:platform - aos
2021-09-14 01:18:41.902 info - 자동로그인 완료 - /auto-login user - 8
2021-09-14 01:18:42.412 info - 홈 화면 - /main user - 8
2021-09-14 01:18:50.038 info - 마이페이지 조회 - /mypage user - 8
2021-09-14 01:18:54.587 info - 마이페이지 조회 - /mypage user - 8
2021-09-14 01:20:34.325 info - 앱버전, 서버점검 - /app/:platform - aos
2021-09-14 01:20:34.417 info - 자동로그인 완료 - /auto-login user - 8
2021-09-14 01:20:34.904 info - 홈 화면 - /main user - 8
2021-09-14 01:20:37.368 info - 마이페이지 조회 - /mypage user - 8
2021-09-14 01:21:31.618 info - 앱버전, 서버점검 - /app/:platform - aos
2021-09-14 01:21:31.674 info - 자동로그인 완료 - /auto-login user - 8
2021-09-14 01:21:32.323 info - 홈 화면 - /main user - 8
2021-09-14 01:21:39.751 info - 트윙클 리스트 조회 - /twinkle user - 8
2021-09-14 01:21:39.783 info - 미증빙/증빙 기프트 리스트 조회 - /prove user - 8
2021-09-14 01:21:39.823 info - 트윙클 리스트 조회 - /twinkle user - 8
2021-09-14 01:21:42.120 info - 마이페이지 조회 - /mypage user - 8
2021-09-14 01:24:46.616 info - 앱버전, 서버점검 - /app/:platform - aos
2021-09-14 01:24:46.673 info - 자동로그인 완료 - /auto-login user - 8
2021-09-14 01:24:47.132 info - 홈 화면 - /main user - 8
2021-09-14 01:24:49.578 info - 기프트 리스트 조회 - /gift user - 8
2021-09-14 01:24:50.755 info - 홈 화면 - /main user - 8
2021-09-14 01:24:53.676 info - 마이페이지 조회 - /mypage user - 8
2021-09-14 01:25:07.384 info - 마이페이지 조회 - /mypage user - 8
2021-09-14 01:26:39.589 info - 앱버전, 서버점검 - /app/:platform - aos
2021-09-14 01:26:39.648 info - 자동로그인 완료 - /auto-login user - 8
2021-09-14 01:26:40.196 info - 홈 화면 - /main user - 8
2021-09-14 01:26:41.672 info - 마이페이지 조회 - /mypage user - 8
2021-09-14 01:26:49.650 info - 마이페이지 조회 - /mypage user - 8
2021-09-14 01:27:05.752 info - 앱버전, 서버점검 - /app/:platform - aos
2021-09-14 01:27:05.866 info - 자동로그인 완료 - /auto-login user - 8
2021-09-14 01:27:06.303 info - 홈 화면 - /main user - 8
2021-09-14 01:27:07.313 info - 마이페이지 조회 - /mypage user - 8
2021-09-14 01:27:36.514 info - 앱버전, 서버점검 - /app/:platform - aos
2021-09-14 01:27:36.568 info - 자동로그인 완료 - /auto-login user - 8
2021-09-14 01:27:37.039 info - 홈 화면 - /main user - 8
2021-09-14 01:27:38.568 info - 마이페이지 조회 - /mypage user - 8
2021-09-14 01:31:03.996 info - 앱버전, 서버점검 - /app/:platform - aos
2021-09-14 01:31:04.066 info - 자동로그인 완료 - /auto-login user - 8
2021-09-14 01:31:04.622 info - 홈 화면 - /main user - 8
2021-09-14 01:32:26.147 info - 마이페이지 조회 - /mypage user - 8
2021-09-14 01:32:38.002 info - 앱버전, 서버점검 - /app/:platform - aos
2021-09-14 01:32:38.084 info - 자동로그인 완료 - /auto-login user - 8
2021-09-14 01:32:38.638 info - 홈 화면 - /main user - 8
2021-09-14 01:32:39.660 info - 마이페이지 조회 - /mypage user - 8
2021-09-14 01:34:10.576 info - 앱버전, 서버점검 - /app/:platform - aos
2021-09-14 01:34:10.650 info - 자동로그인 완료 - /auto-login user - 8
2021-09-14 01:34:11.082 info - 홈 화면 - /main user - 8
2021-09-14 01:35:03.248 info - 마이페이지 조회 - /mypage user - 8
2021-09-14 01:35:20.620 info - 마이페이지 조회 - /mypage user - 8
2021-09-14 01:37:03.874 info - 앱버전, 서버점검 - /app/:platform - aos
2021-09-14 01:37:03.946 info - 자동로그인 완료 - /auto-login user - 8
2021-09-14 01:37:04.470 info - 홈 화면 - /main user - 8
2021-09-14 01:37:09.281 info - 마이페이지 조회 - /mypage user - 8
2021-09-14 01:38:04.443 info - 마이페이지 조회 - /mypage user - 8
2021-09-14 01:38:38.136 info - 앱버전, 서버점검 - /app/:platform - aos
2021-09-14 01:38:38.193 info - 자동로그인 완료 - /auto-login user - 8
2021-09-14 01:38:38.655 info - 홈 화면 - /main user - 8
2021-09-14 01:38:41.521 info - 마이페이지 조회 - /mypage user - 8
2021-09-14 01:39:12.560 info - 마이페이지 조회 - /mypage user - 8
2021-09-14 01:54:06.906 info - 앱버전, 서버점검 - /app/:platform - aos
2021-09-14 01:54:06.964 info - 자동로그인 완료 - /auto-login user - 8
2021-09-14 01:54:07.413 info - 홈 화면 - /main user - 8
2021-09-14 01:54:18.418 info - 마이페이지 조회 - /mypage user - 8
2021-09-14 01:54:36.442 info - 마이페이지 조회 - /mypage user - 8
2021-09-14 01:55:28.092 info - 앱버전, 서버점검 - /app/:platform - aos
2021-09-14 01:55:28.150 info - 자동로그인 완료 - /auto-login user - 8
2021-09-14 01:55:28.609 info - 홈 화면 - /main user - 8
2021-09-14 01:55:32.510 info - 마이페이지 조회 - /mypage user - 8
2021-09-14 01:56:17.556 info - 앱버전, 서버점검 - /app/:platform - aos
2021-09-14 01:56:17.610 info - 자동로그인 완료 - /auto-login user - 8
2021-09-14 01:56:18.049 info - 홈 화면 - /main user - 8
2021-09-14 01:56:20.287 info - 마이페이지 조회 - /mypage user - 8
2021-09-14 01:57:11.117 info - 앱버전, 서버점검 - /app/:platform - aos
2021-09-14 01:57:11.181 info - 자동로그인 완료 - /auto-login user - 8
2021-09-14 01:57:11.639 info - 홈 화면 - /main user - 8
2021-09-14 01:57:19.790 info - 마이페이지 조회 - /mypage user - 8
2021-09-14 01:58:18.059 info - 앱버전, 서버점검 - /app/:platform - aos
2021-09-14 01:58:18.120 info - 자동로그인 완료 - /auto-login user - 8
2021-09-14 01:58:18.607 info - 홈 화면 - /main user - 8
2021-09-14 01:58:20.457 info - 마이페이지 조회 - /mypage user - 8
2021-09-14 01:59:16.513 info - 앱버전, 서버점검 - /app/:platform - aos
2021-09-14 01:59:16.563 info - 자동로그인 완료 - /auto-login user - 8
2021-09-14 01:59:17.024 info - 홈 화면 - /main user - 8
2021-09-14 01:59:19.132 info - 마이페이지 조회 - /mypage user - 8
2021-09-14 02:00:53.880 info - 마이페이지 조회 - /mypage user - 8
2021-09-14 02:01:40.205 info - 앱버전, 서버점검 - /app/:platform - aos
2021-09-14 02:01:40.261 info - 자동로그인 완료 - /auto-login user - 8
2021-09-14 02:01:40.724 info - 홈 화면 - /main user - 8
2021-09-14 02:01:44.513 info - 마이페이지 조회 - /mypage user - 8
2021-09-14 02:03:12.104 info - 앱버전, 서버점검 - /app/:platform - aos
2021-09-14 02:03:12.189 info - 자동로그인 완료 - /auto-login user - 8
2021-09-14 02:03:12.700 info - 홈 화면 - /main user - 8
2021-09-14 02:03:13.928 info - 마이페이지 조회 - /mypage user - 8
2021-09-14 02:03:21.788 info - 마이페이지 조회 - /mypage user - 8
2021-09-14 02:04:40.606 info - 앱버전, 서버점검 - /app/:platform - aos
2021-09-14 02:04:40.703 info - 자동로그인 완료 - /auto-login user - 8
2021-09-14 02:04:41.687 info - 홈 화면 - /main user - 8
2021-09-14 02:04:44.682 info - 마이페이지 조회 - /mypage user - 8
2021-09-14 02:04:58.017 info - 앱버전, 서버점검 - /app/:platform - aos
2021-09-14 02:04:58.087 info - 자동로그인 완료 - /auto-login user - 8
2021-09-14 02:04:59.096 info - 홈 화면 - /main user - 8
2021-09-14 02:05:01.497 info - 마이페이지 조회 - /mypage user - 8
2021-09-14 02:07:09.256 info - 앱버전, 서버점검 - /app/:platform - aos
2021-09-14 02:07:09.309 info - 자동로그인 완료 - /auto-login user - 8
2021-09-14 02:07:09.832 info - 홈 화면 - /main user - 8
2021-09-14 02:07:13.097 info - 마이페이지 조회 - /mypage user - 8
2021-09-14 02:08:04.237 info - 앱버전, 서버점검 - /app/:platform - aos
2021-09-14 02:08:04.354 info - 자동로그인 완료 - /auto-login user - 8
2021-09-14 02:08:04.836 info - 홈 화면 - /main user - 8
2021-09-14 02:08:05.919 info - 마이페이지 조회 - /mypage user - 8
2021-09-14 02:09:15.132 info - 앱버전, 서버점검 - /app/:platform - aos
2021-09-14 02:09:15.192 info - 자동로그인 완료 - /auto-login user - 8
2021-09-14 02:09:15.760 info - 홈 화면 - /main user - 8
2021-09-14 02:09:35.382 info - 앱버전, 서버점검 - /app/:platform - aos
2021-09-14 02:09:35.450 info - 자동로그인 완료 - /auto-login user - 8
2021-09-14 02:09:35.906 info - 홈 화면 - /main user - 8
2021-09-14 02:09:37.238 info - 마이페이지 조회 - /mypage user - 8
2021-09-14 02:09:40.400 info - 유저 정보 수정 - PATCH /profile user - 8
2021-09-14 02:09:46.261 info - 유저 정보 수정 - PATCH /profile user - 8
2021-09-14 02:09:53.542 info - 유저 정보 수정 - PATCH /profile user - 8
2021-09-14 02:10:02.483 info - 홈 화면 - /main user - 8
2021-09-14 02:10:04.168 info - 마이페이지 조회 - /mypage user - 8
2021-09-14 02:12:42.967 info - 앱버전, 서버점검 - /app/:platform - aos
2021-09-14 02:12:43.033 info - 자동로그인 완료 - /auto-login user - 8
2021-09-14 02:12:43.517 info - 홈 화면 - /main user - 8
2021-09-14 02:12:46.433 info - 마이페이지 조회 - /mypage user - 8
2021-09-14 02:12:49.541 info - 유저 정보 수정 - PATCH /profile user - 8
2021-09-14 02:13:04.056 info - 유저 정보 수정 - PATCH /profile user - 8
2021-09-14 02:13:42.391 info - 앱버전, 서버점검 - /app/:platform - aos
2021-09-14 02:13:42.449 info - 자동로그인 완료 - /auto-login user - 8
2021-09-14 02:13:42.916 info - 홈 화면 - /main user - 8
2021-09-14 02:13:45.976 info - 마이페이지 조회 - /mypage user - 8
2021-09-14 02:13:48.151 info - 유저 정보 수정 - PATCH /profile user - 8
2021-09-14 02:13:50.281 info - 유저 정보 수정 - PATCH /profile user - 8
2021-09-14 02:14:09.545 info - 앱버전, 서버점검 - /app/:platform - aos
2021-09-14 02:14:09.614 info - 자동로그인 완료 - /auto-login user - 8
2021-09-14 02:14:10.230 info - 홈 화면 - /main user - 8
2021-09-14 02:14:22.505 info - 앱버전, 서버점검 - /app/:platform - aos
2021-09-14 02:14:22.562 info - 자동로그인 완료 - /auto-login user - 8
2021-09-14 02:14:22.997 info - 홈 화면 - /main user - 8
2021-09-14 02:14:24.470 info - 마이페이지 조회 - /mypage user - 8
2021-09-14 02:14:31.171 info - 유저 정보 수정 - PATCH /profile user - 8
2021-09-14 02:14:31.229 info - 마이페이지 조회 - /mypage user - 8
2021-09-14 02:14:35.188 info - 유저 정보 수정 - PATCH /profile user - 8
2021-09-14 02:14:35.258 info - 마이페이지 조회 - /mypage user - 8
2021-09-14 02:14:39.221 info - 유저 정보 수정 - PATCH /profile user - 8
2021-09-14 02:14:39.257 info - 마이페이지 조회 - /mypage user - 8
2021-09-14 02:14:51.531 info - 유저 정보 수정 - PATCH /profile user - 8
2021-09-14 02:14:51.577 info - 마이페이지 조회 - /mypage user - 8
2021-09-14 02:15:03.714 info - 유저 정보 수정 - PATCH /profile user - 8
2021-09-14 02:15:03.782 info - 마이페이지 조회 - /mypage user - 8
2021-09-14 02:15:40.459 info - 유저 정보 수정 - PATCH /profile user - 8
2021-09-14 02:15:40.505 info - 마이페이지 조회 - /mypage user - 8
2021-09-14 02:16:08.369 info - 유저 정보 수정 - PATCH /profile user - 8
2021-09-14 02:16:08.408 info - 마이페이지 조회 - /mypage user - 8
2021-09-14 02:16:13.978 info - 홈 화면 - /main user - 8
2021-09-14 02:16:14.902 info - 마이페이지 조회 - /mypage user - 8
2021-09-14 02:16:17.451 info - 유저 정보 수정 - PATCH /profile user - 8
2021-09-14 02:16:17.493 info - 마이페이지 조회 - /mypage user - 8
2021-09-14 02:16:19.669 info - 유저 정보 수정 - PATCH /profile user - 8
2021-09-14 02:16:19.704 info - 마이페이지 조회 - /mypage user - 8
2021-09-14 02:16:21.323 info - 홈 화면 - /main user - 8
2021-09-14 14:12:38.270 info - 기프트 조회 - /gift/:giftIdx user - 2
2021-09-14 14:42:30.418 info - API Server Start At Port 3000
2021-09-14 14:48:15.824 info - API Server Start At Port 3000
2021-09-14 14:48:21.596 info - 기프트 조회 - /gift/:giftIdx user - 2
2021-09-14 14:50:47.575 info - API Server Start At Port 3000
2021-09-14 15:00:39.355 info - API Server Start At Port 3000
2021-09-14 15:14:50.559 info - API Server Start At Port 3000
2021-09-14 15:18:15.990 info - API Server Start At Port 3000
2021-09-14 15:18:47.862 info - 출근 완료 L -> W  - POST /work user - 5
2021-09-14 15:20:05.126 info - API Server Start At Port 3000
2021-09-14 15:20:09.188 info - 퇴근 완료 W -> L  - POST /work user - 5
2021-09-14 15:50:38.379 info - API Server Start At Port 3000
2021-09-14 15:52:01.784 info - API Server Start At Port 3000
2021-09-14 15:52:46.393 info - API Server Start At Port 3000
2021-09-14 15:57:45.105 info - API Server Start At Port 3000
2021-09-14 16:03:14.312 info - 앱버전, 서버점검 - /app/:platform - aos
2021-09-14 16:04:00.574 info - 출근 완료 L -> W  - POST /work user - 11
2021-09-14 16:04:35.686 info - 자동로그인 완료 - /auto-login user - 2
2021-09-14 16:04:35.934 info - 홈 화면 - /main user - 2
2021-09-14 16:04:52.208 info - 기프트 리스트 조회 - /gift user - 2
2021-09-14 16:07:10.682 info - API Server Start At Port 3000
2021-09-14 16:07:14.647 info - 퇴근 완료 W -> L  - POST /work user - 11
2021-09-14 16:10:47.438 info - API Server Start At Port 3000
2021-09-14 16:10:50.113 info - 출근 완료 L -> W  - POST /work user - 11
2021-09-14 16:11:06.617 info - 퇴근 완료 W -> L  - POST /work user - 11
2021-09-14 16:12:18.100 info - 출근 완료 L -> W  - POST /work user - 5
2021-09-14 16:18:21.412 info - 출근 완료 L -> W  - POST /work user - 11
2021-09-14 16:25:57.114 info - API Server Start At Port 3000
2021-09-14 16:55:47.653 info - API Server Start At Port 3000
2021-09-14 16:58:51.217 info - API Server Start At Port 3000
2021-09-14 17:00:02.291 info - 자동 퇴근 완료 Tue Sep 14 2021 17:00:02 GMT+0900 (Korean Standard Time)  - GET /auto-workoff user - undefined
